[2023-12-05T00:10:56.293+0000] {taskinstance.py:1159} INFO - Dependencies all met for dep_context=non-requeueable deps ti=<TaskInstance: extract_dag.create_tables manual__2023-12-05T00:10:55.393233+00:00 [queued]>
[2023-12-05T00:10:56.301+0000] {taskinstance.py:1159} INFO - Dependencies all met for dep_context=requeueable deps ti=<TaskInstance: extract_dag.create_tables manual__2023-12-05T00:10:55.393233+00:00 [queued]>
[2023-12-05T00:10:56.302+0000] {taskinstance.py:1361} INFO - Starting attempt 1 of 2
[2023-12-05T00:10:56.310+0000] {taskinstance.py:1382} INFO - Executing <Task(PostgresOperator): create_tables> on 2023-12-05 00:10:55.393233+00:00
[2023-12-05T00:10:56.315+0000] {standard_task_runner.py:57} INFO - Started process 1404 to run task
[2023-12-05T00:10:56.318+0000] {standard_task_runner.py:84} INFO - Running: ['***', 'tasks', 'run', 'extract_dag', 'create_tables', 'manual__2023-12-05T00:10:55.393233+00:00', '--job-id', '8', '--raw', '--subdir', 'DAGS_FOLDER/dag_extract.py', '--cfg-path', '/tmp/tmp4anebakf']
[2023-12-05T00:10:56.322+0000] {standard_task_runner.py:85} INFO - Job 8: Subtask create_tables
[2023-12-05T00:10:56.365+0000] {task_command.py:416} INFO - Running <TaskInstance: extract_dag.create_tables manual__2023-12-05T00:10:55.393233+00:00 [running]> on host d4f23c87a93c
[2023-12-05T00:10:56.424+0000] {taskinstance.py:1662} INFO - Exporting env vars: AIRFLOW_CTX_DAG_OWNER='***' AIRFLOW_CTX_DAG_ID='extract_dag' AIRFLOW_CTX_TASK_ID='create_tables' AIRFLOW_CTX_EXECUTION_DATE='2023-12-05T00:10:55.393233+00:00' AIRFLOW_CTX_TRY_NUMBER='1' AIRFLOW_CTX_DAG_RUN_ID='manual__2023-12-05T00:10:55.393233+00:00'
[2023-12-05T00:10:56.425+0000] {sql.py:274} INFO - Executing: CREATE TABLE IF NOT EXISTS measurements_stg(
  station_number VARCHAR(255),
  value DECIMAL(10, 2),
  timestamp_measured VARCHAR(255),
  formula VARCHAR(255)
);
[2023-12-05T00:10:56.434+0000] {base.py:73} INFO - Using connection ID 'redshift_conn_1' for task execution.
[2023-12-05T00:10:56.448+0000] {base.py:73} INFO - Using connection ID 'redshift_conn_1' for task execution.
[2023-12-05T00:10:57.796+0000] {sql.py:418} INFO - Running statement: CREATE TABLE IF NOT EXISTS measurements_stg(
  station_number VARCHAR(255),
  value DECIMAL(10, 2),
  timestamp_measured VARCHAR(255),
  formula VARCHAR(255)
);, parameters: None
[2023-12-05T00:10:58.510+0000] {taskinstance.py:1400} INFO - Marking task as SUCCESS. dag_id=extract_dag, task_id=create_tables, execution_date=20231205T001055, start_date=20231205T001056, end_date=20231205T001058
[2023-12-05T00:10:58.570+0000] {local_task_job_runner.py:228} INFO - Task exited with return code 0
[2023-12-05T00:10:58.590+0000] {taskinstance.py:2778} INFO - 1 downstream tasks scheduled from follow-on schedule check
